Performing C SOURCE FILE Test CMAKE_HAVE_LIBC_PTHREAD failed with the following output:
Change Dir: /workspaces/CS451-2023-project/template_cpp/CMakeFiles/CMakeTmp

Run Build Command(s):/usr/bin/make cmTC_c1a3d/fast && /usr/bin/make -f CMakeFiles/cmTC_c1a3d.dir/build.make CMakeFiles/cmTC_c1a3d.dir/build
make[1]: Entering directory '/workspaces/CS451-2023-project/template_cpp/CMakeFiles/CMakeTmp'
Building C object CMakeFiles/cmTC_c1a3d.dir/src.c.o
/usr/bin/cc   -Werror -Wall -Wconversion -Wfloat-equal -Wpedantic -Wpointer-arith -Wswitch-default -Wpacked -Wextra -Winvalid-pch -Wmissing-field-initializers -Wunreachable-code -Wcast-align -Wcast-qual -Wdisabled-optimization -Wformat=2 -Wformat-nonliteral -Wuninitialized -Wformat-security -Wformat-y2k -Winit-self -Wmissing-declarations -Wmissing-include-dirs -Wredundant-decls -Wstrict-overflow=5 -Wundef -Wno-unused -Wlogical-op -DCMAKE_HAVE_LIBC_PTHREAD   -std=c11 -o CMakeFiles/cmTC_c1a3d.dir/src.c.o   -c /workspaces/CS451-2023-project/template_cpp/CMakeFiles/CMakeTmp/src.c
/workspaces/CS451-2023-project/template_cpp/CMakeFiles/CMakeTmp/src.c:3:7: error: no previous declaration for ‘test_func’ [-Werror=missing-declarations]
    3 | void* test_func(void* data)
      |       ^~~~~~~~~
cc1: all warnings being treated as errors
make[1]: *** [CMakeFiles/cmTC_c1a3d.dir/build.make:66: CMakeFiles/cmTC_c1a3d.dir/src.c.o] Error 1
make[1]: Leaving directory '/workspaces/CS451-2023-project/template_cpp/CMakeFiles/CMakeTmp'
make: *** [Makefile:121: cmTC_c1a3d/fast] Error 2


Source file was:
#include <pthread.h>

void* test_func(void* data)
{
  return data;
}

int main(void)
{
  pthread_t thread;
  pthread_create(&thread, NULL, test_func, NULL);
  pthread_detach(thread);
  pthread_join(thread, NULL);
  pthread_atfork(NULL, NULL, NULL);
  pthread_exit(NULL);

  return 0;
}

Determining if the function pthread_create exists in the pthreads failed with the following output:
Change Dir: /workspaces/CS451-2023-project/template_cpp/CMakeFiles/CMakeTmp

Run Build Command(s):/usr/bin/make cmTC_21ca3/fast && /usr/bin/make -f CMakeFiles/cmTC_21ca3.dir/build.make CMakeFiles/cmTC_21ca3.dir/build
make[1]: Entering directory '/workspaces/CS451-2023-project/template_cpp/CMakeFiles/CMakeTmp'
Building C object CMakeFiles/cmTC_21ca3.dir/CheckFunctionExists.c.o
/usr/bin/cc   -Werror -Wall -Wconversion -Wfloat-equal -Wpedantic -Wpointer-arith -Wswitch-default -Wpacked -Wextra -Winvalid-pch -Wmissing-field-initializers -Wunreachable-code -Wcast-align -Wcast-qual -Wdisabled-optimization -Wformat=2 -Wformat-nonliteral -Wuninitialized -Wformat-security -Wformat-y2k -Winit-self -Wmissing-declarations -Wmissing-include-dirs -Wredundant-decls -Wstrict-overflow=5 -Wundef -Wno-unused -Wlogical-op -DCHECK_FUNCTION_EXISTS=pthread_create   -std=c11 -o CMakeFiles/cmTC_21ca3.dir/CheckFunctionExists.c.o   -c /usr/share/cmake-3.16/Modules/CheckFunctionExists.c
Linking C executable cmTC_21ca3
/usr/bin/cmake -E cmake_link_script CMakeFiles/cmTC_21ca3.dir/link.txt --verbose=1
/usr/bin/cc -Werror -Wall -Wconversion -Wfloat-equal -Wpedantic -Wpointer-arith -Wswitch-default -Wpacked -Wextra -Winvalid-pch -Wmissing-field-initializers -Wunreachable-code -Wcast-align -Wcast-qual -Wdisabled-optimization -Wformat=2 -Wformat-nonliteral -Wuninitialized -Wformat-security -Wformat-y2k -Winit-self -Wmissing-declarations -Wmissing-include-dirs -Wredundant-decls -Wstrict-overflow=5 -Wundef -Wno-unused -Wlogical-op -DCHECK_FUNCTION_EXISTS=pthread_create    CMakeFiles/cmTC_21ca3.dir/CheckFunctionExists.c.o  -o cmTC_21ca3  -lpthreads 
/usr/bin/ld: cannot find -lpthreads
collect2: error: ld returned 1 exit status
make[1]: *** [CMakeFiles/cmTC_21ca3.dir/build.make:87: cmTC_21ca3] Error 1
make[1]: Leaving directory '/workspaces/CS451-2023-project/template_cpp/CMakeFiles/CMakeTmp'
make: *** [Makefile:121: cmTC_21ca3/fast] Error 2



Performing C SOURCE FILE Test CMAKE_HAVE_LIBC_PTHREAD failed with the following output:
Change Dir: /workspaces/CS451-2023-project/template_cpp/CMakeFiles/CMakeTmp

Run Build Command(s):/usr/bin/make cmTC_2d5c6/fast && make[1]: Entering directory '/workspaces/CS451-2023-project/template_cpp/CMakeFiles/CMakeTmp'
/usr/bin/make -f CMakeFiles/cmTC_2d5c6.dir/build.make CMakeFiles/cmTC_2d5c6.dir/build
make[2]: Entering directory '/workspaces/CS451-2023-project/template_cpp/CMakeFiles/CMakeTmp'
Building C object CMakeFiles/cmTC_2d5c6.dir/src.c.o
/usr/bin/cc   -Werror -Wall -Wconversion -Wfloat-equal -Wpedantic -Wpointer-arith -Wswitch-default -Wpacked -Wextra -Winvalid-pch -Wmissing-field-initializers -Wunreachable-code -Wcast-align -Wcast-qual -Wdisabled-optimization -Wformat=2 -Wformat-nonliteral -Wuninitialized -Wformat-security -Wformat-y2k -Winit-self -Wmissing-declarations -Wmissing-include-dirs -Wredundant-decls -Wstrict-overflow=5 -Wundef -Wno-unused -Wlogical-op -DCMAKE_HAVE_LIBC_PTHREAD   -std=c11 -o CMakeFiles/cmTC_2d5c6.dir/src.c.o   -c /workspaces/CS451-2023-project/template_cpp/CMakeFiles/CMakeTmp/src.c
/workspaces/CS451-2023-project/template_cpp/CMakeFiles/CMakeTmp/src.c:3:7: error: no previous declaration for ‘test_func’ [-Werror=missing-declarations]
    3 | void* test_func(void* data)
      |       ^~~~~~~~~
cc1: all warnings being treated as errors
make[2]: *** [CMakeFiles/cmTC_2d5c6.dir/build.make:66: CMakeFiles/cmTC_2d5c6.dir/src.c.o] Error 1
make[2]: Leaving directory '/workspaces/CS451-2023-project/template_cpp/CMakeFiles/CMakeTmp'
make[1]: *** [Makefile:121: cmTC_2d5c6/fast] Error 2
make[1]: Leaving directory '/workspaces/CS451-2023-project/template_cpp/CMakeFiles/CMakeTmp'


Source file was:
#include <pthread.h>

void* test_func(void* data)
{
  return data;
}

int main(void)
{
  pthread_t thread;
  pthread_create(&thread, NULL, test_func, NULL);
  pthread_detach(thread);
  pthread_join(thread, NULL);
  pthread_atfork(NULL, NULL, NULL);
  pthread_exit(NULL);

  return 0;
}

Determining if the function pthread_create exists in the pthreads failed with the following output:
Change Dir: /workspaces/CS451-2023-project/template_cpp/CMakeFiles/CMakeTmp

Run Build Command(s):/usr/bin/make cmTC_cc9ea/fast && make[1]: Entering directory '/workspaces/CS451-2023-project/template_cpp/CMakeFiles/CMakeTmp'
/usr/bin/make -f CMakeFiles/cmTC_cc9ea.dir/build.make CMakeFiles/cmTC_cc9ea.dir/build
make[2]: Entering directory '/workspaces/CS451-2023-project/template_cpp/CMakeFiles/CMakeTmp'
Building C object CMakeFiles/cmTC_cc9ea.dir/CheckFunctionExists.c.o
/usr/bin/cc   -Werror -Wall -Wconversion -Wfloat-equal -Wpedantic -Wpointer-arith -Wswitch-default -Wpacked -Wextra -Winvalid-pch -Wmissing-field-initializers -Wunreachable-code -Wcast-align -Wcast-qual -Wdisabled-optimization -Wformat=2 -Wformat-nonliteral -Wuninitialized -Wformat-security -Wformat-y2k -Winit-self -Wmissing-declarations -Wmissing-include-dirs -Wredundant-decls -Wstrict-overflow=5 -Wundef -Wno-unused -Wlogical-op -DCHECK_FUNCTION_EXISTS=pthread_create   -std=c11 -o CMakeFiles/cmTC_cc9ea.dir/CheckFunctionExists.c.o   -c /usr/share/cmake-3.16/Modules/CheckFunctionExists.c
Linking C executable cmTC_cc9ea
/usr/bin/cmake -E cmake_link_script CMakeFiles/cmTC_cc9ea.dir/link.txt --verbose=1
/usr/bin/cc -Werror -Wall -Wconversion -Wfloat-equal -Wpedantic -Wpointer-arith -Wswitch-default -Wpacked -Wextra -Winvalid-pch -Wmissing-field-initializers -Wunreachable-code -Wcast-align -Wcast-qual -Wdisabled-optimization -Wformat=2 -Wformat-nonliteral -Wuninitialized -Wformat-security -Wformat-y2k -Winit-self -Wmissing-declarations -Wmissing-include-dirs -Wredundant-decls -Wstrict-overflow=5 -Wundef -Wno-unused -Wlogical-op -DCHECK_FUNCTION_EXISTS=pthread_create    CMakeFiles/cmTC_cc9ea.dir/CheckFunctionExists.c.o  -o cmTC_cc9ea  -lpthreads 
/usr/bin/ld: cannot find -lpthreads
collect2: error: ld returned 1 exit status
make[2]: *** [CMakeFiles/cmTC_cc9ea.dir/build.make:87: cmTC_cc9ea] Error 1
make[2]: Leaving directory '/workspaces/CS451-2023-project/template_cpp/CMakeFiles/CMakeTmp'
make[1]: *** [Makefile:121: cmTC_cc9ea/fast] Error 2
make[1]: Leaving directory '/workspaces/CS451-2023-project/template_cpp/CMakeFiles/CMakeTmp'



Performing C SOURCE FILE Test CMAKE_HAVE_LIBC_PTHREAD failed with the following output:
Change Dir: /workspaces/CS451-2023-project/template_cpp/CMakeFiles/CMakeTmp

Run Build Command(s):/usr/bin/make cmTC_a7e97/fast && make[1]: Entering directory '/workspaces/CS451-2023-project/template_cpp/CMakeFiles/CMakeTmp'
/usr/bin/make -f CMakeFiles/cmTC_a7e97.dir/build.make CMakeFiles/cmTC_a7e97.dir/build
make[2]: Entering directory '/workspaces/CS451-2023-project/template_cpp/CMakeFiles/CMakeTmp'
Building C object CMakeFiles/cmTC_a7e97.dir/src.c.o
/usr/bin/cc   -Werror -Wall -Wconversion -Wfloat-equal -Wpedantic -Wpointer-arith -Wswitch-default -Wpacked -Wextra -Winvalid-pch -Wmissing-field-initializers -Wunreachable-code -Wcast-align -Wcast-qual -Wdisabled-optimization -Wformat=2 -Wformat-nonliteral -Wuninitialized -Wformat-security -Wformat-y2k -Winit-self -Wmissing-declarations -Wmissing-include-dirs -Wredundant-decls -Wstrict-overflow=5 -Wundef -Wno-unused -Wlogical-op -DCMAKE_HAVE_LIBC_PTHREAD   -std=c11 -o CMakeFiles/cmTC_a7e97.dir/src.c.o   -c /workspaces/CS451-2023-project/template_cpp/CMakeFiles/CMakeTmp/src.c
/workspaces/CS451-2023-project/template_cpp/CMakeFiles/CMakeTmp/src.c:3:7: error: no previous declaration for ‘test_func’ [-Werror=missing-declarations]
    3 | void* test_func(void* data)
      |       ^~~~~~~~~
cc1: all warnings being treated as errors
make[2]: *** [CMakeFiles/cmTC_a7e97.dir/build.make:66: CMakeFiles/cmTC_a7e97.dir/src.c.o] Error 1
make[2]: Leaving directory '/workspaces/CS451-2023-project/template_cpp/CMakeFiles/CMakeTmp'
make[1]: *** [Makefile:121: cmTC_a7e97/fast] Error 2
make[1]: Leaving directory '/workspaces/CS451-2023-project/template_cpp/CMakeFiles/CMakeTmp'


Source file was:
#include <pthread.h>

void* test_func(void* data)
{
  return data;
}

int main(void)
{
  pthread_t thread;
  pthread_create(&thread, NULL, test_func, NULL);
  pthread_detach(thread);
  pthread_join(thread, NULL);
  pthread_atfork(NULL, NULL, NULL);
  pthread_exit(NULL);

  return 0;
}

Determining if the function pthread_create exists in the pthreads failed with the following output:
Change Dir: /workspaces/CS451-2023-project/template_cpp/CMakeFiles/CMakeTmp

Run Build Command(s):/usr/bin/make cmTC_c5b63/fast && make[1]: Entering directory '/workspaces/CS451-2023-project/template_cpp/CMakeFiles/CMakeTmp'
/usr/bin/make -f CMakeFiles/cmTC_c5b63.dir/build.make CMakeFiles/cmTC_c5b63.dir/build
make[2]: Entering directory '/workspaces/CS451-2023-project/template_cpp/CMakeFiles/CMakeTmp'
Building C object CMakeFiles/cmTC_c5b63.dir/CheckFunctionExists.c.o
/usr/bin/cc   -Werror -Wall -Wconversion -Wfloat-equal -Wpedantic -Wpointer-arith -Wswitch-default -Wpacked -Wextra -Winvalid-pch -Wmissing-field-initializers -Wunreachable-code -Wcast-align -Wcast-qual -Wdisabled-optimization -Wformat=2 -Wformat-nonliteral -Wuninitialized -Wformat-security -Wformat-y2k -Winit-self -Wmissing-declarations -Wmissing-include-dirs -Wredundant-decls -Wstrict-overflow=5 -Wundef -Wno-unused -Wlogical-op -DCHECK_FUNCTION_EXISTS=pthread_create   -std=c11 -o CMakeFiles/cmTC_c5b63.dir/CheckFunctionExists.c.o   -c /usr/share/cmake-3.16/Modules/CheckFunctionExists.c
Linking C executable cmTC_c5b63
/usr/bin/cmake -E cmake_link_script CMakeFiles/cmTC_c5b63.dir/link.txt --verbose=1
/usr/bin/cc -Werror -Wall -Wconversion -Wfloat-equal -Wpedantic -Wpointer-arith -Wswitch-default -Wpacked -Wextra -Winvalid-pch -Wmissing-field-initializers -Wunreachable-code -Wcast-align -Wcast-qual -Wdisabled-optimization -Wformat=2 -Wformat-nonliteral -Wuninitialized -Wformat-security -Wformat-y2k -Winit-self -Wmissing-declarations -Wmissing-include-dirs -Wredundant-decls -Wstrict-overflow=5 -Wundef -Wno-unused -Wlogical-op -DCHECK_FUNCTION_EXISTS=pthread_create    CMakeFiles/cmTC_c5b63.dir/CheckFunctionExists.c.o  -o cmTC_c5b63  -lpthreads 
/usr/bin/ld: cannot find -lpthreads
collect2: error: ld returned 1 exit status
make[2]: *** [CMakeFiles/cmTC_c5b63.dir/build.make:87: cmTC_c5b63] Error 1
make[2]: Leaving directory '/workspaces/CS451-2023-project/template_cpp/CMakeFiles/CMakeTmp'
make[1]: *** [Makefile:121: cmTC_c5b63/fast] Error 2
make[1]: Leaving directory '/workspaces/CS451-2023-project/template_cpp/CMakeFiles/CMakeTmp'



Performing C SOURCE FILE Test CMAKE_HAVE_LIBC_PTHREAD failed with the following output:
Change Dir: /workspaces/CS451-2023-project/template_cpp/CMakeFiles/CMakeTmp

Run Build Command(s):/usr/bin/make cmTC_dc546/fast && make[1]: Entering directory '/workspaces/CS451-2023-project/template_cpp/CMakeFiles/CMakeTmp'
/usr/bin/make -f CMakeFiles/cmTC_dc546.dir/build.make CMakeFiles/cmTC_dc546.dir/build
make[2]: Entering directory '/workspaces/CS451-2023-project/template_cpp/CMakeFiles/CMakeTmp'
Building C object CMakeFiles/cmTC_dc546.dir/src.c.o
/usr/bin/cc   -Werror -Wall -Wconversion -Wfloat-equal -Wpedantic -Wpointer-arith -Wswitch-default -Wpacked -Wextra -Winvalid-pch -Wmissing-field-initializers -Wunreachable-code -Wcast-align -Wcast-qual -Wdisabled-optimization -Wformat=2 -Wformat-nonliteral -Wuninitialized -Wformat-security -Wformat-y2k -Winit-self -Wmissing-declarations -Wmissing-include-dirs -Wredundant-decls -Wstrict-overflow=5 -Wundef -Wno-unused -Wlogical-op -DCMAKE_HAVE_LIBC_PTHREAD   -std=c11 -o CMakeFiles/cmTC_dc546.dir/src.c.o   -c /workspaces/CS451-2023-project/template_cpp/CMakeFiles/CMakeTmp/src.c
/workspaces/CS451-2023-project/template_cpp/CMakeFiles/CMakeTmp/src.c:3:7: error: no previous declaration for ‘test_func’ [-Werror=missing-declarations]
    3 | void* test_func(void* data)
      |       ^~~~~~~~~
cc1: all warnings being treated as errors
make[2]: *** [CMakeFiles/cmTC_dc546.dir/build.make:66: CMakeFiles/cmTC_dc546.dir/src.c.o] Error 1
make[2]: Leaving directory '/workspaces/CS451-2023-project/template_cpp/CMakeFiles/CMakeTmp'
make[1]: *** [Makefile:121: cmTC_dc546/fast] Error 2
make[1]: Leaving directory '/workspaces/CS451-2023-project/template_cpp/CMakeFiles/CMakeTmp'


Source file was:
#include <pthread.h>

void* test_func(void* data)
{
  return data;
}

int main(void)
{
  pthread_t thread;
  pthread_create(&thread, NULL, test_func, NULL);
  pthread_detach(thread);
  pthread_join(thread, NULL);
  pthread_atfork(NULL, NULL, NULL);
  pthread_exit(NULL);

  return 0;
}

Determining if the function pthread_create exists in the pthreads failed with the following output:
Change Dir: /workspaces/CS451-2023-project/template_cpp/CMakeFiles/CMakeTmp

Run Build Command(s):/usr/bin/make cmTC_d6a71/fast && make[1]: Entering directory '/workspaces/CS451-2023-project/template_cpp/CMakeFiles/CMakeTmp'
/usr/bin/make -f CMakeFiles/cmTC_d6a71.dir/build.make CMakeFiles/cmTC_d6a71.dir/build
make[2]: Entering directory '/workspaces/CS451-2023-project/template_cpp/CMakeFiles/CMakeTmp'
Building C object CMakeFiles/cmTC_d6a71.dir/CheckFunctionExists.c.o
/usr/bin/cc   -Werror -Wall -Wconversion -Wfloat-equal -Wpedantic -Wpointer-arith -Wswitch-default -Wpacked -Wextra -Winvalid-pch -Wmissing-field-initializers -Wunreachable-code -Wcast-align -Wcast-qual -Wdisabled-optimization -Wformat=2 -Wformat-nonliteral -Wuninitialized -Wformat-security -Wformat-y2k -Winit-self -Wmissing-declarations -Wmissing-include-dirs -Wredundant-decls -Wstrict-overflow=5 -Wundef -Wno-unused -Wlogical-op -DCHECK_FUNCTION_EXISTS=pthread_create   -std=c11 -o CMakeFiles/cmTC_d6a71.dir/CheckFunctionExists.c.o   -c /usr/share/cmake-3.16/Modules/CheckFunctionExists.c
Linking C executable cmTC_d6a71
/usr/bin/cmake -E cmake_link_script CMakeFiles/cmTC_d6a71.dir/link.txt --verbose=1
/usr/bin/cc -Werror -Wall -Wconversion -Wfloat-equal -Wpedantic -Wpointer-arith -Wswitch-default -Wpacked -Wextra -Winvalid-pch -Wmissing-field-initializers -Wunreachable-code -Wcast-align -Wcast-qual -Wdisabled-optimization -Wformat=2 -Wformat-nonliteral -Wuninitialized -Wformat-security -Wformat-y2k -Winit-self -Wmissing-declarations -Wmissing-include-dirs -Wredundant-decls -Wstrict-overflow=5 -Wundef -Wno-unused -Wlogical-op -DCHECK_FUNCTION_EXISTS=pthread_create    CMakeFiles/cmTC_d6a71.dir/CheckFunctionExists.c.o  -o cmTC_d6a71  -lpthreads 
/usr/bin/ld: cannot find -lpthreads
collect2: error: ld returned 1 exit status
make[2]: *** [CMakeFiles/cmTC_d6a71.dir/build.make:87: cmTC_d6a71] Error 1
make[2]: Leaving directory '/workspaces/CS451-2023-project/template_cpp/CMakeFiles/CMakeTmp'
make[1]: *** [Makefile:121: cmTC_d6a71/fast] Error 2
make[1]: Leaving directory '/workspaces/CS451-2023-project/template_cpp/CMakeFiles/CMakeTmp'



Performing C SOURCE FILE Test CMAKE_HAVE_LIBC_PTHREAD failed with the following output:
Change Dir: /workspaces/CS451-2023-project/template_cpp/CMakeFiles/CMakeTmp

Run Build Command(s):/usr/bin/make cmTC_4c3ae/fast && make[1]: Entering directory '/workspaces/CS451-2023-project/template_cpp/CMakeFiles/CMakeTmp'
/usr/bin/make -f CMakeFiles/cmTC_4c3ae.dir/build.make CMakeFiles/cmTC_4c3ae.dir/build
make[2]: Entering directory '/workspaces/CS451-2023-project/template_cpp/CMakeFiles/CMakeTmp'
Building C object CMakeFiles/cmTC_4c3ae.dir/src.c.o
/usr/bin/cc   -Werror -Wall -Wconversion -Wfloat-equal -Wpedantic -Wpointer-arith -Wswitch-default -Wpacked -Wextra -Winvalid-pch -Wmissing-field-initializers -Wunreachable-code -Wcast-align -Wcast-qual -Wdisabled-optimization -Wformat=2 -Wformat-nonliteral -Wuninitialized -Wformat-security -Wformat-y2k -Winit-self -Wmissing-declarations -Wmissing-include-dirs -Wredundant-decls -Wstrict-overflow=5 -Wundef -Wno-unused -Wlogical-op -DCMAKE_HAVE_LIBC_PTHREAD   -std=c11 -o CMakeFiles/cmTC_4c3ae.dir/src.c.o   -c /workspaces/CS451-2023-project/template_cpp/CMakeFiles/CMakeTmp/src.c
/workspaces/CS451-2023-project/template_cpp/CMakeFiles/CMakeTmp/src.c:3:7: error: no previous declaration for ‘test_func’ [-Werror=missing-declarations]
    3 | void* test_func(void* data)
      |       ^~~~~~~~~
cc1: all warnings being treated as errors
make[2]: *** [CMakeFiles/cmTC_4c3ae.dir/build.make:66: CMakeFiles/cmTC_4c3ae.dir/src.c.o] Error 1
make[2]: Leaving directory '/workspaces/CS451-2023-project/template_cpp/CMakeFiles/CMakeTmp'
make[1]: *** [Makefile:121: cmTC_4c3ae/fast] Error 2
make[1]: Leaving directory '/workspaces/CS451-2023-project/template_cpp/CMakeFiles/CMakeTmp'


Source file was:
#include <pthread.h>

void* test_func(void* data)
{
  return data;
}

int main(void)
{
  pthread_t thread;
  pthread_create(&thread, NULL, test_func, NULL);
  pthread_detach(thread);
  pthread_join(thread, NULL);
  pthread_atfork(NULL, NULL, NULL);
  pthread_exit(NULL);

  return 0;
}

Determining if the function pthread_create exists in the pthreads failed with the following output:
Change Dir: /workspaces/CS451-2023-project/template_cpp/CMakeFiles/CMakeTmp

Run Build Command(s):/usr/bin/make cmTC_f6c63/fast && make[1]: Entering directory '/workspaces/CS451-2023-project/template_cpp/CMakeFiles/CMakeTmp'
/usr/bin/make -f CMakeFiles/cmTC_f6c63.dir/build.make CMakeFiles/cmTC_f6c63.dir/build
make[2]: Entering directory '/workspaces/CS451-2023-project/template_cpp/CMakeFiles/CMakeTmp'
Building C object CMakeFiles/cmTC_f6c63.dir/CheckFunctionExists.c.o
/usr/bin/cc   -Werror -Wall -Wconversion -Wfloat-equal -Wpedantic -Wpointer-arith -Wswitch-default -Wpacked -Wextra -Winvalid-pch -Wmissing-field-initializers -Wunreachable-code -Wcast-align -Wcast-qual -Wdisabled-optimization -Wformat=2 -Wformat-nonliteral -Wuninitialized -Wformat-security -Wformat-y2k -Winit-self -Wmissing-declarations -Wmissing-include-dirs -Wredundant-decls -Wstrict-overflow=5 -Wundef -Wno-unused -Wlogical-op -DCHECK_FUNCTION_EXISTS=pthread_create   -std=c11 -o CMakeFiles/cmTC_f6c63.dir/CheckFunctionExists.c.o   -c /usr/share/cmake-3.16/Modules/CheckFunctionExists.c
Linking C executable cmTC_f6c63
/usr/bin/cmake -E cmake_link_script CMakeFiles/cmTC_f6c63.dir/link.txt --verbose=1
/usr/bin/cc -Werror -Wall -Wconversion -Wfloat-equal -Wpedantic -Wpointer-arith -Wswitch-default -Wpacked -Wextra -Winvalid-pch -Wmissing-field-initializers -Wunreachable-code -Wcast-align -Wcast-qual -Wdisabled-optimization -Wformat=2 -Wformat-nonliteral -Wuninitialized -Wformat-security -Wformat-y2k -Winit-self -Wmissing-declarations -Wmissing-include-dirs -Wredundant-decls -Wstrict-overflow=5 -Wundef -Wno-unused -Wlogical-op -DCHECK_FUNCTION_EXISTS=pthread_create    CMakeFiles/cmTC_f6c63.dir/CheckFunctionExists.c.o  -o cmTC_f6c63  -lpthreads 
/usr/bin/ld: cannot find -lpthreads
collect2: error: ld returned 1 exit status
make[2]: *** [CMakeFiles/cmTC_f6c63.dir/build.make:87: cmTC_f6c63] Error 1
make[2]: Leaving directory '/workspaces/CS451-2023-project/template_cpp/CMakeFiles/CMakeTmp'
make[1]: *** [Makefile:121: cmTC_f6c63/fast] Error 2
make[1]: Leaving directory '/workspaces/CS451-2023-project/template_cpp/CMakeFiles/CMakeTmp'



Performing C SOURCE FILE Test CMAKE_HAVE_LIBC_PTHREAD failed with the following output:
Change Dir: /workspaces/CS451-2023-project/template_cpp/CMakeFiles/CMakeTmp

Run Build Command(s):/usr/bin/make cmTC_16c56/fast && make[1]: Entering directory '/workspaces/CS451-2023-project/template_cpp/CMakeFiles/CMakeTmp'
/usr/bin/make -f CMakeFiles/cmTC_16c56.dir/build.make CMakeFiles/cmTC_16c56.dir/build
make[2]: Entering directory '/workspaces/CS451-2023-project/template_cpp/CMakeFiles/CMakeTmp'
Building C object CMakeFiles/cmTC_16c56.dir/src.c.o
/usr/bin/cc   -Werror -Wall -Wconversion -Wfloat-equal -Wpedantic -Wpointer-arith -Wswitch-default -Wpacked -Wextra -Winvalid-pch -Wmissing-field-initializers -Wunreachable-code -Wcast-align -Wcast-qual -Wdisabled-optimization -Wformat=2 -Wformat-nonliteral -Wuninitialized -Wformat-security -Wformat-y2k -Winit-self -Wmissing-declarations -Wmissing-include-dirs -Wredundant-decls -Wstrict-overflow=5 -Wundef -Wno-unused -Wlogical-op -DCMAKE_HAVE_LIBC_PTHREAD   -std=c11 -o CMakeFiles/cmTC_16c56.dir/src.c.o   -c /workspaces/CS451-2023-project/template_cpp/CMakeFiles/CMakeTmp/src.c
/workspaces/CS451-2023-project/template_cpp/CMakeFiles/CMakeTmp/src.c:3:7: error: no previous declaration for ‘test_func’ [-Werror=missing-declarations]
    3 | void* test_func(void* data)
      |       ^~~~~~~~~
cc1: all warnings being treated as errors
make[2]: *** [CMakeFiles/cmTC_16c56.dir/build.make:66: CMakeFiles/cmTC_16c56.dir/src.c.o] Error 1
make[2]: Leaving directory '/workspaces/CS451-2023-project/template_cpp/CMakeFiles/CMakeTmp'
make[1]: *** [Makefile:121: cmTC_16c56/fast] Error 2
make[1]: Leaving directory '/workspaces/CS451-2023-project/template_cpp/CMakeFiles/CMakeTmp'


Source file was:
#include <pthread.h>

void* test_func(void* data)
{
  return data;
}

int main(void)
{
  pthread_t thread;
  pthread_create(&thread, NULL, test_func, NULL);
  pthread_detach(thread);
  pthread_join(thread, NULL);
  pthread_atfork(NULL, NULL, NULL);
  pthread_exit(NULL);

  return 0;
}

Determining if the function pthread_create exists in the pthreads failed with the following output:
Change Dir: /workspaces/CS451-2023-project/template_cpp/CMakeFiles/CMakeTmp

Run Build Command(s):/usr/bin/make cmTC_188fc/fast && make[1]: Entering directory '/workspaces/CS451-2023-project/template_cpp/CMakeFiles/CMakeTmp'
/usr/bin/make -f CMakeFiles/cmTC_188fc.dir/build.make CMakeFiles/cmTC_188fc.dir/build
make[2]: Entering directory '/workspaces/CS451-2023-project/template_cpp/CMakeFiles/CMakeTmp'
Building C object CMakeFiles/cmTC_188fc.dir/CheckFunctionExists.c.o
/usr/bin/cc   -Werror -Wall -Wconversion -Wfloat-equal -Wpedantic -Wpointer-arith -Wswitch-default -Wpacked -Wextra -Winvalid-pch -Wmissing-field-initializers -Wunreachable-code -Wcast-align -Wcast-qual -Wdisabled-optimization -Wformat=2 -Wformat-nonliteral -Wuninitialized -Wformat-security -Wformat-y2k -Winit-self -Wmissing-declarations -Wmissing-include-dirs -Wredundant-decls -Wstrict-overflow=5 -Wundef -Wno-unused -Wlogical-op -DCHECK_FUNCTION_EXISTS=pthread_create   -std=c11 -o CMakeFiles/cmTC_188fc.dir/CheckFunctionExists.c.o   -c /usr/share/cmake-3.16/Modules/CheckFunctionExists.c
Linking C executable cmTC_188fc
/usr/bin/cmake -E cmake_link_script CMakeFiles/cmTC_188fc.dir/link.txt --verbose=1
/usr/bin/cc -Werror -Wall -Wconversion -Wfloat-equal -Wpedantic -Wpointer-arith -Wswitch-default -Wpacked -Wextra -Winvalid-pch -Wmissing-field-initializers -Wunreachable-code -Wcast-align -Wcast-qual -Wdisabled-optimization -Wformat=2 -Wformat-nonliteral -Wuninitialized -Wformat-security -Wformat-y2k -Winit-self -Wmissing-declarations -Wmissing-include-dirs -Wredundant-decls -Wstrict-overflow=5 -Wundef -Wno-unused -Wlogical-op -DCHECK_FUNCTION_EXISTS=pthread_create    CMakeFiles/cmTC_188fc.dir/CheckFunctionExists.c.o  -o cmTC_188fc  -lpthreads 
/usr/bin/ld: cannot find -lpthreads
collect2: error: ld returned 1 exit status
make[2]: *** [CMakeFiles/cmTC_188fc.dir/build.make:87: cmTC_188fc] Error 1
make[2]: Leaving directory '/workspaces/CS451-2023-project/template_cpp/CMakeFiles/CMakeTmp'
make[1]: *** [Makefile:121: cmTC_188fc/fast] Error 2
make[1]: Leaving directory '/workspaces/CS451-2023-project/template_cpp/CMakeFiles/CMakeTmp'



Performing C SOURCE FILE Test CMAKE_HAVE_LIBC_PTHREAD failed with the following output:
Change Dir: /workspaces/CS451-2023-project/template_cpp/CMakeFiles/CMakeTmp

Run Build Command(s):/usr/bin/make cmTC_0b77d/fast && make[1]: Entering directory '/workspaces/CS451-2023-project/template_cpp/CMakeFiles/CMakeTmp'
/usr/bin/make -f CMakeFiles/cmTC_0b77d.dir/build.make CMakeFiles/cmTC_0b77d.dir/build
make[2]: Entering directory '/workspaces/CS451-2023-project/template_cpp/CMakeFiles/CMakeTmp'
Building C object CMakeFiles/cmTC_0b77d.dir/src.c.o
/usr/bin/cc   -Werror -Wall -Wconversion -Wfloat-equal -Wpedantic -Wpointer-arith -Wswitch-default -Wpacked -Wextra -Winvalid-pch -Wmissing-field-initializers -Wunreachable-code -Wcast-align -Wcast-qual -Wdisabled-optimization -Wformat=2 -Wformat-nonliteral -Wuninitialized -Wformat-security -Wformat-y2k -Winit-self -Wmissing-declarations -Wmissing-include-dirs -Wredundant-decls -Wstrict-overflow=5 -Wundef -Wno-unused -Wlogical-op -DCMAKE_HAVE_LIBC_PTHREAD   -std=c11 -o CMakeFiles/cmTC_0b77d.dir/src.c.o   -c /workspaces/CS451-2023-project/template_cpp/CMakeFiles/CMakeTmp/src.c
/workspaces/CS451-2023-project/template_cpp/CMakeFiles/CMakeTmp/src.c:3:7: error: no previous declaration for ‘test_func’ [-Werror=missing-declarations]
    3 | void* test_func(void* data)
      |       ^~~~~~~~~
cc1: all warnings being treated as errors
make[2]: *** [CMakeFiles/cmTC_0b77d.dir/build.make:66: CMakeFiles/cmTC_0b77d.dir/src.c.o] Error 1
make[2]: Leaving directory '/workspaces/CS451-2023-project/template_cpp/CMakeFiles/CMakeTmp'
make[1]: *** [Makefile:121: cmTC_0b77d/fast] Error 2
make[1]: Leaving directory '/workspaces/CS451-2023-project/template_cpp/CMakeFiles/CMakeTmp'


Source file was:
#include <pthread.h>

void* test_func(void* data)
{
  return data;
}

int main(void)
{
  pthread_t thread;
  pthread_create(&thread, NULL, test_func, NULL);
  pthread_detach(thread);
  pthread_join(thread, NULL);
  pthread_atfork(NULL, NULL, NULL);
  pthread_exit(NULL);

  return 0;
}

Determining if the function pthread_create exists in the pthreads failed with the following output:
Change Dir: /workspaces/CS451-2023-project/template_cpp/CMakeFiles/CMakeTmp

Run Build Command(s):/usr/bin/make cmTC_7a43f/fast && make[1]: Entering directory '/workspaces/CS451-2023-project/template_cpp/CMakeFiles/CMakeTmp'
/usr/bin/make -f CMakeFiles/cmTC_7a43f.dir/build.make CMakeFiles/cmTC_7a43f.dir/build
make[2]: Entering directory '/workspaces/CS451-2023-project/template_cpp/CMakeFiles/CMakeTmp'
Building C object CMakeFiles/cmTC_7a43f.dir/CheckFunctionExists.c.o
/usr/bin/cc   -Werror -Wall -Wconversion -Wfloat-equal -Wpedantic -Wpointer-arith -Wswitch-default -Wpacked -Wextra -Winvalid-pch -Wmissing-field-initializers -Wunreachable-code -Wcast-align -Wcast-qual -Wdisabled-optimization -Wformat=2 -Wformat-nonliteral -Wuninitialized -Wformat-security -Wformat-y2k -Winit-self -Wmissing-declarations -Wmissing-include-dirs -Wredundant-decls -Wstrict-overflow=5 -Wundef -Wno-unused -Wlogical-op -DCHECK_FUNCTION_EXISTS=pthread_create   -std=c11 -o CMakeFiles/cmTC_7a43f.dir/CheckFunctionExists.c.o   -c /usr/share/cmake-3.16/Modules/CheckFunctionExists.c
Linking C executable cmTC_7a43f
/usr/bin/cmake -E cmake_link_script CMakeFiles/cmTC_7a43f.dir/link.txt --verbose=1
/usr/bin/cc -Werror -Wall -Wconversion -Wfloat-equal -Wpedantic -Wpointer-arith -Wswitch-default -Wpacked -Wextra -Winvalid-pch -Wmissing-field-initializers -Wunreachable-code -Wcast-align -Wcast-qual -Wdisabled-optimization -Wformat=2 -Wformat-nonliteral -Wuninitialized -Wformat-security -Wformat-y2k -Winit-self -Wmissing-declarations -Wmissing-include-dirs -Wredundant-decls -Wstrict-overflow=5 -Wundef -Wno-unused -Wlogical-op -DCHECK_FUNCTION_EXISTS=pthread_create    CMakeFiles/cmTC_7a43f.dir/CheckFunctionExists.c.o  -o cmTC_7a43f  -lpthreads 
/usr/bin/ld: cannot find -lpthreads
collect2: error: ld returned 1 exit status
make[2]: *** [CMakeFiles/cmTC_7a43f.dir/build.make:87: cmTC_7a43f] Error 1
make[2]: Leaving directory '/workspaces/CS451-2023-project/template_cpp/CMakeFiles/CMakeTmp'
make[1]: *** [Makefile:121: cmTC_7a43f/fast] Error 2
make[1]: Leaving directory '/workspaces/CS451-2023-project/template_cpp/CMakeFiles/CMakeTmp'



Performing C SOURCE FILE Test CMAKE_HAVE_LIBC_PTHREAD failed with the following output:
Change Dir: /workspaces/CS451-2023-project/template_cpp/CMakeFiles/CMakeTmp

Run Build Command(s):/usr/bin/make cmTC_4a58a/fast && make[1]: Entering directory '/workspaces/CS451-2023-project/template_cpp/CMakeFiles/CMakeTmp'
/usr/bin/make -f CMakeFiles/cmTC_4a58a.dir/build.make CMakeFiles/cmTC_4a58a.dir/build
make[2]: Entering directory '/workspaces/CS451-2023-project/template_cpp/CMakeFiles/CMakeTmp'
Building C object CMakeFiles/cmTC_4a58a.dir/src.c.o
/usr/bin/cc   -Werror -Wall -Wconversion -Wfloat-equal -Wpedantic -Wpointer-arith -Wswitch-default -Wpacked -Wextra -Winvalid-pch -Wmissing-field-initializers -Wunreachable-code -Wcast-align -Wcast-qual -Wdisabled-optimization -Wformat=2 -Wformat-nonliteral -Wuninitialized -Wformat-security -Wformat-y2k -Winit-self -Wmissing-declarations -Wmissing-include-dirs -Wredundant-decls -Wstrict-overflow=5 -Wundef -Wno-unused -Wlogical-op -DCMAKE_HAVE_LIBC_PTHREAD   -std=c11 -o CMakeFiles/cmTC_4a58a.dir/src.c.o   -c /workspaces/CS451-2023-project/template_cpp/CMakeFiles/CMakeTmp/src.c
/workspaces/CS451-2023-project/template_cpp/CMakeFiles/CMakeTmp/src.c:3:7: error: no previous declaration for ‘test_func’ [-Werror=missing-declarations]
    3 | void* test_func(void* data)
      |       ^~~~~~~~~
cc1: all warnings being treated as errors
make[2]: *** [CMakeFiles/cmTC_4a58a.dir/build.make:66: CMakeFiles/cmTC_4a58a.dir/src.c.o] Error 1
make[2]: Leaving directory '/workspaces/CS451-2023-project/template_cpp/CMakeFiles/CMakeTmp'
make[1]: *** [Makefile:121: cmTC_4a58a/fast] Error 2
make[1]: Leaving directory '/workspaces/CS451-2023-project/template_cpp/CMakeFiles/CMakeTmp'


Source file was:
#include <pthread.h>

void* test_func(void* data)
{
  return data;
}

int main(void)
{
  pthread_t thread;
  pthread_create(&thread, NULL, test_func, NULL);
  pthread_detach(thread);
  pthread_join(thread, NULL);
  pthread_atfork(NULL, NULL, NULL);
  pthread_exit(NULL);

  return 0;
}

Determining if the function pthread_create exists in the pthreads failed with the following output:
Change Dir: /workspaces/CS451-2023-project/template_cpp/CMakeFiles/CMakeTmp

Run Build Command(s):/usr/bin/make cmTC_44d42/fast && make[1]: Entering directory '/workspaces/CS451-2023-project/template_cpp/CMakeFiles/CMakeTmp'
/usr/bin/make -f CMakeFiles/cmTC_44d42.dir/build.make CMakeFiles/cmTC_44d42.dir/build
make[2]: Entering directory '/workspaces/CS451-2023-project/template_cpp/CMakeFiles/CMakeTmp'
Building C object CMakeFiles/cmTC_44d42.dir/CheckFunctionExists.c.o
/usr/bin/cc   -Werror -Wall -Wconversion -Wfloat-equal -Wpedantic -Wpointer-arith -Wswitch-default -Wpacked -Wextra -Winvalid-pch -Wmissing-field-initializers -Wunreachable-code -Wcast-align -Wcast-qual -Wdisabled-optimization -Wformat=2 -Wformat-nonliteral -Wuninitialized -Wformat-security -Wformat-y2k -Winit-self -Wmissing-declarations -Wmissing-include-dirs -Wredundant-decls -Wstrict-overflow=5 -Wundef -Wno-unused -Wlogical-op -DCHECK_FUNCTION_EXISTS=pthread_create   -std=c11 -o CMakeFiles/cmTC_44d42.dir/CheckFunctionExists.c.o   -c /usr/share/cmake-3.16/Modules/CheckFunctionExists.c
Linking C executable cmTC_44d42
/usr/bin/cmake -E cmake_link_script CMakeFiles/cmTC_44d42.dir/link.txt --verbose=1
/usr/bin/cc -Werror -Wall -Wconversion -Wfloat-equal -Wpedantic -Wpointer-arith -Wswitch-default -Wpacked -Wextra -Winvalid-pch -Wmissing-field-initializers -Wunreachable-code -Wcast-align -Wcast-qual -Wdisabled-optimization -Wformat=2 -Wformat-nonliteral -Wuninitialized -Wformat-security -Wformat-y2k -Winit-self -Wmissing-declarations -Wmissing-include-dirs -Wredundant-decls -Wstrict-overflow=5 -Wundef -Wno-unused -Wlogical-op -DCHECK_FUNCTION_EXISTS=pthread_create    CMakeFiles/cmTC_44d42.dir/CheckFunctionExists.c.o  -o cmTC_44d42  -lpthreads 
/usr/bin/ld: cannot find -lpthreads
collect2: error: ld returned 1 exit status
make[2]: *** [CMakeFiles/cmTC_44d42.dir/build.make:87: cmTC_44d42] Error 1
make[2]: Leaving directory '/workspaces/CS451-2023-project/template_cpp/CMakeFiles/CMakeTmp'
make[1]: *** [Makefile:121: cmTC_44d42/fast] Error 2
make[1]: Leaving directory '/workspaces/CS451-2023-project/template_cpp/CMakeFiles/CMakeTmp'



Performing C SOURCE FILE Test CMAKE_HAVE_LIBC_PTHREAD failed with the following output:
Change Dir: /workspaces/CS451-2023-project/template_cpp/CMakeFiles/CMakeTmp

Run Build Command(s):/usr/bin/make cmTC_d4aa4/fast && make[1]: Entering directory '/workspaces/CS451-2023-project/template_cpp/CMakeFiles/CMakeTmp'
/usr/bin/make -f CMakeFiles/cmTC_d4aa4.dir/build.make CMakeFiles/cmTC_d4aa4.dir/build
make[2]: Entering directory '/workspaces/CS451-2023-project/template_cpp/CMakeFiles/CMakeTmp'
Building C object CMakeFiles/cmTC_d4aa4.dir/src.c.o
/usr/bin/cc   -Werror -Wall -Wconversion -Wfloat-equal -Wpedantic -Wpointer-arith -Wswitch-default -Wpacked -Wextra -Winvalid-pch -Wmissing-field-initializers -Wunreachable-code -Wcast-align -Wcast-qual -Wdisabled-optimization -Wformat=2 -Wformat-nonliteral -Wuninitialized -Wformat-security -Wformat-y2k -Winit-self -Wmissing-declarations -Wmissing-include-dirs -Wredundant-decls -Wstrict-overflow=5 -Wundef -Wno-unused -Wlogical-op -DCMAKE_HAVE_LIBC_PTHREAD   -std=c11 -o CMakeFiles/cmTC_d4aa4.dir/src.c.o   -c /workspaces/CS451-2023-project/template_cpp/CMakeFiles/CMakeTmp/src.c
/workspaces/CS451-2023-project/template_cpp/CMakeFiles/CMakeTmp/src.c:3:7: error: no previous declaration for ‘test_func’ [-Werror=missing-declarations]
    3 | void* test_func(void* data)
      |       ^~~~~~~~~
cc1: all warnings being treated as errors
make[2]: *** [CMakeFiles/cmTC_d4aa4.dir/build.make:66: CMakeFiles/cmTC_d4aa4.dir/src.c.o] Error 1
make[2]: Leaving directory '/workspaces/CS451-2023-project/template_cpp/CMakeFiles/CMakeTmp'
make[1]: *** [Makefile:121: cmTC_d4aa4/fast] Error 2
make[1]: Leaving directory '/workspaces/CS451-2023-project/template_cpp/CMakeFiles/CMakeTmp'


Source file was:
#include <pthread.h>

void* test_func(void* data)
{
  return data;
}

int main(void)
{
  pthread_t thread;
  pthread_create(&thread, NULL, test_func, NULL);
  pthread_detach(thread);
  pthread_join(thread, NULL);
  pthread_atfork(NULL, NULL, NULL);
  pthread_exit(NULL);

  return 0;
}

Determining if the function pthread_create exists in the pthreads failed with the following output:
Change Dir: /workspaces/CS451-2023-project/template_cpp/CMakeFiles/CMakeTmp

Run Build Command(s):/usr/bin/make cmTC_d40fd/fast && make[1]: Entering directory '/workspaces/CS451-2023-project/template_cpp/CMakeFiles/CMakeTmp'
/usr/bin/make -f CMakeFiles/cmTC_d40fd.dir/build.make CMakeFiles/cmTC_d40fd.dir/build
make[2]: Entering directory '/workspaces/CS451-2023-project/template_cpp/CMakeFiles/CMakeTmp'
Building C object CMakeFiles/cmTC_d40fd.dir/CheckFunctionExists.c.o
/usr/bin/cc   -Werror -Wall -Wconversion -Wfloat-equal -Wpedantic -Wpointer-arith -Wswitch-default -Wpacked -Wextra -Winvalid-pch -Wmissing-field-initializers -Wunreachable-code -Wcast-align -Wcast-qual -Wdisabled-optimization -Wformat=2 -Wformat-nonliteral -Wuninitialized -Wformat-security -Wformat-y2k -Winit-self -Wmissing-declarations -Wmissing-include-dirs -Wredundant-decls -Wstrict-overflow=5 -Wundef -Wno-unused -Wlogical-op -DCHECK_FUNCTION_EXISTS=pthread_create   -std=c11 -o CMakeFiles/cmTC_d40fd.dir/CheckFunctionExists.c.o   -c /usr/share/cmake-3.16/Modules/CheckFunctionExists.c
Linking C executable cmTC_d40fd
/usr/bin/cmake -E cmake_link_script CMakeFiles/cmTC_d40fd.dir/link.txt --verbose=1
/usr/bin/cc -Werror -Wall -Wconversion -Wfloat-equal -Wpedantic -Wpointer-arith -Wswitch-default -Wpacked -Wextra -Winvalid-pch -Wmissing-field-initializers -Wunreachable-code -Wcast-align -Wcast-qual -Wdisabled-optimization -Wformat=2 -Wformat-nonliteral -Wuninitialized -Wformat-security -Wformat-y2k -Winit-self -Wmissing-declarations -Wmissing-include-dirs -Wredundant-decls -Wstrict-overflow=5 -Wundef -Wno-unused -Wlogical-op -DCHECK_FUNCTION_EXISTS=pthread_create    CMakeFiles/cmTC_d40fd.dir/CheckFunctionExists.c.o  -o cmTC_d40fd  -lpthreads 
/usr/bin/ld: cannot find -lpthreads
collect2: error: ld returned 1 exit status
make[2]: *** [CMakeFiles/cmTC_d40fd.dir/build.make:87: cmTC_d40fd] Error 1
make[2]: Leaving directory '/workspaces/CS451-2023-project/template_cpp/CMakeFiles/CMakeTmp'
make[1]: *** [Makefile:121: cmTC_d40fd/fast] Error 2
make[1]: Leaving directory '/workspaces/CS451-2023-project/template_cpp/CMakeFiles/CMakeTmp'



Performing C SOURCE FILE Test CMAKE_HAVE_LIBC_PTHREAD failed with the following output:
Change Dir: /workspaces/CS451-2023-project/template_cpp/CMakeFiles/CMakeTmp

Run Build Command(s):/usr/bin/make cmTC_04c25/fast && make[1]: Entering directory '/workspaces/CS451-2023-project/template_cpp/CMakeFiles/CMakeTmp'
/usr/bin/make -f CMakeFiles/cmTC_04c25.dir/build.make CMakeFiles/cmTC_04c25.dir/build
make[2]: Entering directory '/workspaces/CS451-2023-project/template_cpp/CMakeFiles/CMakeTmp'
Building C object CMakeFiles/cmTC_04c25.dir/src.c.o
/usr/bin/cc   -Werror -Wall -Wconversion -Wfloat-equal -Wpedantic -Wpointer-arith -Wswitch-default -Wpacked -Wextra -Winvalid-pch -Wmissing-field-initializers -Wunreachable-code -Wcast-align -Wcast-qual -Wdisabled-optimization -Wformat=2 -Wformat-nonliteral -Wuninitialized -Wformat-security -Wformat-y2k -Winit-self -Wmissing-declarations -Wmissing-include-dirs -Wredundant-decls -Wstrict-overflow=5 -Wundef -Wno-unused -Wlogical-op -DCMAKE_HAVE_LIBC_PTHREAD   -std=c11 -o CMakeFiles/cmTC_04c25.dir/src.c.o   -c /workspaces/CS451-2023-project/template_cpp/CMakeFiles/CMakeTmp/src.c
/workspaces/CS451-2023-project/template_cpp/CMakeFiles/CMakeTmp/src.c:3:7: error: no previous declaration for ‘test_func’ [-Werror=missing-declarations]
    3 | void* test_func(void* data)
      |       ^~~~~~~~~
cc1: all warnings being treated as errors
make[2]: *** [CMakeFiles/cmTC_04c25.dir/build.make:66: CMakeFiles/cmTC_04c25.dir/src.c.o] Error 1
make[2]: Leaving directory '/workspaces/CS451-2023-project/template_cpp/CMakeFiles/CMakeTmp'
make[1]: *** [Makefile:121: cmTC_04c25/fast] Error 2
make[1]: Leaving directory '/workspaces/CS451-2023-project/template_cpp/CMakeFiles/CMakeTmp'


Source file was:
#include <pthread.h>

void* test_func(void* data)
{
  return data;
}

int main(void)
{
  pthread_t thread;
  pthread_create(&thread, NULL, test_func, NULL);
  pthread_detach(thread);
  pthread_join(thread, NULL);
  pthread_atfork(NULL, NULL, NULL);
  pthread_exit(NULL);

  return 0;
}

Determining if the function pthread_create exists in the pthreads failed with the following output:
Change Dir: /workspaces/CS451-2023-project/template_cpp/CMakeFiles/CMakeTmp

Run Build Command(s):/usr/bin/make cmTC_838f2/fast && make[1]: Entering directory '/workspaces/CS451-2023-project/template_cpp/CMakeFiles/CMakeTmp'
/usr/bin/make -f CMakeFiles/cmTC_838f2.dir/build.make CMakeFiles/cmTC_838f2.dir/build
make[2]: Entering directory '/workspaces/CS451-2023-project/template_cpp/CMakeFiles/CMakeTmp'
Building C object CMakeFiles/cmTC_838f2.dir/CheckFunctionExists.c.o
/usr/bin/cc   -Werror -Wall -Wconversion -Wfloat-equal -Wpedantic -Wpointer-arith -Wswitch-default -Wpacked -Wextra -Winvalid-pch -Wmissing-field-initializers -Wunreachable-code -Wcast-align -Wcast-qual -Wdisabled-optimization -Wformat=2 -Wformat-nonliteral -Wuninitialized -Wformat-security -Wformat-y2k -Winit-self -Wmissing-declarations -Wmissing-include-dirs -Wredundant-decls -Wstrict-overflow=5 -Wundef -Wno-unused -Wlogical-op -DCHECK_FUNCTION_EXISTS=pthread_create   -std=c11 -o CMakeFiles/cmTC_838f2.dir/CheckFunctionExists.c.o   -c /usr/share/cmake-3.16/Modules/CheckFunctionExists.c
Linking C executable cmTC_838f2
/usr/bin/cmake -E cmake_link_script CMakeFiles/cmTC_838f2.dir/link.txt --verbose=1
/usr/bin/cc -Werror -Wall -Wconversion -Wfloat-equal -Wpedantic -Wpointer-arith -Wswitch-default -Wpacked -Wextra -Winvalid-pch -Wmissing-field-initializers -Wunreachable-code -Wcast-align -Wcast-qual -Wdisabled-optimization -Wformat=2 -Wformat-nonliteral -Wuninitialized -Wformat-security -Wformat-y2k -Winit-self -Wmissing-declarations -Wmissing-include-dirs -Wredundant-decls -Wstrict-overflow=5 -Wundef -Wno-unused -Wlogical-op -DCHECK_FUNCTION_EXISTS=pthread_create    CMakeFiles/cmTC_838f2.dir/CheckFunctionExists.c.o  -o cmTC_838f2  -lpthreads 
/usr/bin/ld: cannot find -lpthreads
collect2: error: ld returned 1 exit status
make[2]: *** [CMakeFiles/cmTC_838f2.dir/build.make:87: cmTC_838f2] Error 1
make[2]: Leaving directory '/workspaces/CS451-2023-project/template_cpp/CMakeFiles/CMakeTmp'
make[1]: *** [Makefile:121: cmTC_838f2/fast] Error 2
make[1]: Leaving directory '/workspaces/CS451-2023-project/template_cpp/CMakeFiles/CMakeTmp'



Performing C SOURCE FILE Test CMAKE_HAVE_LIBC_PTHREAD failed with the following output:
Change Dir: /workspaces/CS451-2023-project/template_cpp/CMakeFiles/CMakeTmp

Run Build Command(s):/usr/bin/make cmTC_8c48f/fast && make[1]: Entering directory '/workspaces/CS451-2023-project/template_cpp/CMakeFiles/CMakeTmp'
/usr/bin/make -f CMakeFiles/cmTC_8c48f.dir/build.make CMakeFiles/cmTC_8c48f.dir/build
make[2]: Entering directory '/workspaces/CS451-2023-project/template_cpp/CMakeFiles/CMakeTmp'
Building C object CMakeFiles/cmTC_8c48f.dir/src.c.o
/usr/bin/cc   -Werror -Wall -Wconversion -Wfloat-equal -Wpedantic -Wpointer-arith -Wswitch-default -Wpacked -Wextra -Winvalid-pch -Wmissing-field-initializers -Wunreachable-code -Wcast-align -Wcast-qual -Wdisabled-optimization -Wformat=2 -Wformat-nonliteral -Wuninitialized -Wformat-security -Wformat-y2k -Winit-self -Wmissing-declarations -Wmissing-include-dirs -Wredundant-decls -Wstrict-overflow=5 -Wundef -Wno-unused -Wlogical-op -DCMAKE_HAVE_LIBC_PTHREAD   -std=c11 -o CMakeFiles/cmTC_8c48f.dir/src.c.o   -c /workspaces/CS451-2023-project/template_cpp/CMakeFiles/CMakeTmp/src.c
/workspaces/CS451-2023-project/template_cpp/CMakeFiles/CMakeTmp/src.c:3:7: error: no previous declaration for ‘test_func’ [-Werror=missing-declarations]
    3 | void* test_func(void* data)
      |       ^~~~~~~~~
cc1: all warnings being treated as errors
make[2]: *** [CMakeFiles/cmTC_8c48f.dir/build.make:66: CMakeFiles/cmTC_8c48f.dir/src.c.o] Error 1
make[2]: Leaving directory '/workspaces/CS451-2023-project/template_cpp/CMakeFiles/CMakeTmp'
make[1]: *** [Makefile:121: cmTC_8c48f/fast] Error 2
make[1]: Leaving directory '/workspaces/CS451-2023-project/template_cpp/CMakeFiles/CMakeTmp'


Source file was:
#include <pthread.h>

void* test_func(void* data)
{
  return data;
}

int main(void)
{
  pthread_t thread;
  pthread_create(&thread, NULL, test_func, NULL);
  pthread_detach(thread);
  pthread_join(thread, NULL);
  pthread_atfork(NULL, NULL, NULL);
  pthread_exit(NULL);

  return 0;
}

Determining if the function pthread_create exists in the pthreads failed with the following output:
Change Dir: /workspaces/CS451-2023-project/template_cpp/CMakeFiles/CMakeTmp

Run Build Command(s):/usr/bin/make cmTC_f2285/fast && make[1]: Entering directory '/workspaces/CS451-2023-project/template_cpp/CMakeFiles/CMakeTmp'
/usr/bin/make -f CMakeFiles/cmTC_f2285.dir/build.make CMakeFiles/cmTC_f2285.dir/build
make[2]: Entering directory '/workspaces/CS451-2023-project/template_cpp/CMakeFiles/CMakeTmp'
Building C object CMakeFiles/cmTC_f2285.dir/CheckFunctionExists.c.o
/usr/bin/cc   -Werror -Wall -Wconversion -Wfloat-equal -Wpedantic -Wpointer-arith -Wswitch-default -Wpacked -Wextra -Winvalid-pch -Wmissing-field-initializers -Wunreachable-code -Wcast-align -Wcast-qual -Wdisabled-optimization -Wformat=2 -Wformat-nonliteral -Wuninitialized -Wformat-security -Wformat-y2k -Winit-self -Wmissing-declarations -Wmissing-include-dirs -Wredundant-decls -Wstrict-overflow=5 -Wundef -Wno-unused -Wlogical-op -DCHECK_FUNCTION_EXISTS=pthread_create   -std=c11 -o CMakeFiles/cmTC_f2285.dir/CheckFunctionExists.c.o   -c /usr/share/cmake-3.16/Modules/CheckFunctionExists.c
Linking C executable cmTC_f2285
/usr/bin/cmake -E cmake_link_script CMakeFiles/cmTC_f2285.dir/link.txt --verbose=1
/usr/bin/cc -Werror -Wall -Wconversion -Wfloat-equal -Wpedantic -Wpointer-arith -Wswitch-default -Wpacked -Wextra -Winvalid-pch -Wmissing-field-initializers -Wunreachable-code -Wcast-align -Wcast-qual -Wdisabled-optimization -Wformat=2 -Wformat-nonliteral -Wuninitialized -Wformat-security -Wformat-y2k -Winit-self -Wmissing-declarations -Wmissing-include-dirs -Wredundant-decls -Wstrict-overflow=5 -Wundef -Wno-unused -Wlogical-op -DCHECK_FUNCTION_EXISTS=pthread_create    CMakeFiles/cmTC_f2285.dir/CheckFunctionExists.c.o  -o cmTC_f2285  -lpthreads 
/usr/bin/ld: cannot find -lpthreads
collect2: error: ld returned 1 exit status
make[2]: *** [CMakeFiles/cmTC_f2285.dir/build.make:87: cmTC_f2285] Error 1
make[2]: Leaving directory '/workspaces/CS451-2023-project/template_cpp/CMakeFiles/CMakeTmp'
make[1]: *** [Makefile:121: cmTC_f2285/fast] Error 2
make[1]: Leaving directory '/workspaces/CS451-2023-project/template_cpp/CMakeFiles/CMakeTmp'



Performing C SOURCE FILE Test CMAKE_HAVE_LIBC_PTHREAD failed with the following output:
Change Dir: /workspaces/CS451-2023-project/template_cpp/CMakeFiles/CMakeTmp

Run Build Command(s):/usr/bin/make cmTC_c910c/fast && make[1]: Entering directory '/workspaces/CS451-2023-project/template_cpp/CMakeFiles/CMakeTmp'
/usr/bin/make -f CMakeFiles/cmTC_c910c.dir/build.make CMakeFiles/cmTC_c910c.dir/build
make[2]: Entering directory '/workspaces/CS451-2023-project/template_cpp/CMakeFiles/CMakeTmp'
Building C object CMakeFiles/cmTC_c910c.dir/src.c.o
/usr/bin/cc   -Werror -Wall -Wconversion -Wfloat-equal -Wpedantic -Wpointer-arith -Wswitch-default -Wpacked -Wextra -Winvalid-pch -Wmissing-field-initializers -Wunreachable-code -Wcast-align -Wcast-qual -Wdisabled-optimization -Wformat=2 -Wformat-nonliteral -Wuninitialized -Wformat-security -Wformat-y2k -Winit-self -Wmissing-declarations -Wmissing-include-dirs -Wredundant-decls -Wstrict-overflow=5 -Wundef -Wno-unused -Wlogical-op -DCMAKE_HAVE_LIBC_PTHREAD   -std=c11 -o CMakeFiles/cmTC_c910c.dir/src.c.o   -c /workspaces/CS451-2023-project/template_cpp/CMakeFiles/CMakeTmp/src.c
/workspaces/CS451-2023-project/template_cpp/CMakeFiles/CMakeTmp/src.c:3:7: error: no previous declaration for ‘test_func’ [-Werror=missing-declarations]
    3 | void* test_func(void* data)
      |       ^~~~~~~~~
cc1: all warnings being treated as errors
make[2]: *** [CMakeFiles/cmTC_c910c.dir/build.make:66: CMakeFiles/cmTC_c910c.dir/src.c.o] Error 1
make[2]: Leaving directory '/workspaces/CS451-2023-project/template_cpp/CMakeFiles/CMakeTmp'
make[1]: *** [Makefile:121: cmTC_c910c/fast] Error 2
make[1]: Leaving directory '/workspaces/CS451-2023-project/template_cpp/CMakeFiles/CMakeTmp'


Source file was:
#include <pthread.h>

void* test_func(void* data)
{
  return data;
}

int main(void)
{
  pthread_t thread;
  pthread_create(&thread, NULL, test_func, NULL);
  pthread_detach(thread);
  pthread_join(thread, NULL);
  pthread_atfork(NULL, NULL, NULL);
  pthread_exit(NULL);

  return 0;
}

Determining if the function pthread_create exists in the pthreads failed with the following output:
Change Dir: /workspaces/CS451-2023-project/template_cpp/CMakeFiles/CMakeTmp

Run Build Command(s):/usr/bin/make cmTC_d122d/fast && make[1]: Entering directory '/workspaces/CS451-2023-project/template_cpp/CMakeFiles/CMakeTmp'
/usr/bin/make -f CMakeFiles/cmTC_d122d.dir/build.make CMakeFiles/cmTC_d122d.dir/build
make[2]: Entering directory '/workspaces/CS451-2023-project/template_cpp/CMakeFiles/CMakeTmp'
Building C object CMakeFiles/cmTC_d122d.dir/CheckFunctionExists.c.o
/usr/bin/cc   -Werror -Wall -Wconversion -Wfloat-equal -Wpedantic -Wpointer-arith -Wswitch-default -Wpacked -Wextra -Winvalid-pch -Wmissing-field-initializers -Wunreachable-code -Wcast-align -Wcast-qual -Wdisabled-optimization -Wformat=2 -Wformat-nonliteral -Wuninitialized -Wformat-security -Wformat-y2k -Winit-self -Wmissing-declarations -Wmissing-include-dirs -Wredundant-decls -Wstrict-overflow=5 -Wundef -Wno-unused -Wlogical-op -DCHECK_FUNCTION_EXISTS=pthread_create   -std=c11 -o CMakeFiles/cmTC_d122d.dir/CheckFunctionExists.c.o   -c /usr/share/cmake-3.16/Modules/CheckFunctionExists.c
Linking C executable cmTC_d122d
/usr/bin/cmake -E cmake_link_script CMakeFiles/cmTC_d122d.dir/link.txt --verbose=1
/usr/bin/cc -Werror -Wall -Wconversion -Wfloat-equal -Wpedantic -Wpointer-arith -Wswitch-default -Wpacked -Wextra -Winvalid-pch -Wmissing-field-initializers -Wunreachable-code -Wcast-align -Wcast-qual -Wdisabled-optimization -Wformat=2 -Wformat-nonliteral -Wuninitialized -Wformat-security -Wformat-y2k -Winit-self -Wmissing-declarations -Wmissing-include-dirs -Wredundant-decls -Wstrict-overflow=5 -Wundef -Wno-unused -Wlogical-op -DCHECK_FUNCTION_EXISTS=pthread_create    CMakeFiles/cmTC_d122d.dir/CheckFunctionExists.c.o  -o cmTC_d122d  -lpthreads 
/usr/bin/ld: cannot find -lpthreads
collect2: error: ld returned 1 exit status
make[2]: *** [CMakeFiles/cmTC_d122d.dir/build.make:87: cmTC_d122d] Error 1
make[2]: Leaving directory '/workspaces/CS451-2023-project/template_cpp/CMakeFiles/CMakeTmp'
make[1]: *** [Makefile:121: cmTC_d122d/fast] Error 2
make[1]: Leaving directory '/workspaces/CS451-2023-project/template_cpp/CMakeFiles/CMakeTmp'



Performing C SOURCE FILE Test CMAKE_HAVE_LIBC_PTHREAD failed with the following output:
Change Dir: /workspaces/CS451-2023-project/template_cpp/CMakeFiles/CMakeTmp

Run Build Command(s):/usr/bin/make cmTC_c4f49/fast && make[1]: Entering directory '/workspaces/CS451-2023-project/template_cpp/CMakeFiles/CMakeTmp'
/usr/bin/make -f CMakeFiles/cmTC_c4f49.dir/build.make CMakeFiles/cmTC_c4f49.dir/build
make[2]: Entering directory '/workspaces/CS451-2023-project/template_cpp/CMakeFiles/CMakeTmp'
Building C object CMakeFiles/cmTC_c4f49.dir/src.c.o
/usr/bin/cc   -Werror -Wall -Wconversion -Wfloat-equal -Wpedantic -Wpointer-arith -Wswitch-default -Wpacked -Wextra -Winvalid-pch -Wmissing-field-initializers -Wunreachable-code -Wcast-align -Wcast-qual -Wdisabled-optimization -Wformat=2 -Wformat-nonliteral -Wuninitialized -Wformat-security -Wformat-y2k -Winit-self -Wmissing-declarations -Wmissing-include-dirs -Wredundant-decls -Wstrict-overflow=5 -Wundef -Wno-unused -Wlogical-op -DCMAKE_HAVE_LIBC_PTHREAD   -std=c11 -o CMakeFiles/cmTC_c4f49.dir/src.c.o   -c /workspaces/CS451-2023-project/template_cpp/CMakeFiles/CMakeTmp/src.c
/workspaces/CS451-2023-project/template_cpp/CMakeFiles/CMakeTmp/src.c:3:7: error: no previous declaration for ‘test_func’ [-Werror=missing-declarations]
    3 | void* test_func(void* data)
      |       ^~~~~~~~~
cc1: all warnings being treated as errors
make[2]: *** [CMakeFiles/cmTC_c4f49.dir/build.make:66: CMakeFiles/cmTC_c4f49.dir/src.c.o] Error 1
make[2]: Leaving directory '/workspaces/CS451-2023-project/template_cpp/CMakeFiles/CMakeTmp'
make[1]: *** [Makefile:121: cmTC_c4f49/fast] Error 2
make[1]: Leaving directory '/workspaces/CS451-2023-project/template_cpp/CMakeFiles/CMakeTmp'


Source file was:
#include <pthread.h>

void* test_func(void* data)
{
  return data;
}

int main(void)
{
  pthread_t thread;
  pthread_create(&thread, NULL, test_func, NULL);
  pthread_detach(thread);
  pthread_join(thread, NULL);
  pthread_atfork(NULL, NULL, NULL);
  pthread_exit(NULL);

  return 0;
}

Determining if the function pthread_create exists in the pthreads failed with the following output:
Change Dir: /workspaces/CS451-2023-project/template_cpp/CMakeFiles/CMakeTmp

Run Build Command(s):/usr/bin/make cmTC_86b1a/fast && make[1]: Entering directory '/workspaces/CS451-2023-project/template_cpp/CMakeFiles/CMakeTmp'
/usr/bin/make -f CMakeFiles/cmTC_86b1a.dir/build.make CMakeFiles/cmTC_86b1a.dir/build
make[2]: Entering directory '/workspaces/CS451-2023-project/template_cpp/CMakeFiles/CMakeTmp'
Building C object CMakeFiles/cmTC_86b1a.dir/CheckFunctionExists.c.o
/usr/bin/cc   -Werror -Wall -Wconversion -Wfloat-equal -Wpedantic -Wpointer-arith -Wswitch-default -Wpacked -Wextra -Winvalid-pch -Wmissing-field-initializers -Wunreachable-code -Wcast-align -Wcast-qual -Wdisabled-optimization -Wformat=2 -Wformat-nonliteral -Wuninitialized -Wformat-security -Wformat-y2k -Winit-self -Wmissing-declarations -Wmissing-include-dirs -Wredundant-decls -Wstrict-overflow=5 -Wundef -Wno-unused -Wlogical-op -DCHECK_FUNCTION_EXISTS=pthread_create   -std=c11 -o CMakeFiles/cmTC_86b1a.dir/CheckFunctionExists.c.o   -c /usr/share/cmake-3.16/Modules/CheckFunctionExists.c
Linking C executable cmTC_86b1a
/usr/bin/cmake -E cmake_link_script CMakeFiles/cmTC_86b1a.dir/link.txt --verbose=1
/usr/bin/cc -Werror -Wall -Wconversion -Wfloat-equal -Wpedantic -Wpointer-arith -Wswitch-default -Wpacked -Wextra -Winvalid-pch -Wmissing-field-initializers -Wunreachable-code -Wcast-align -Wcast-qual -Wdisabled-optimization -Wformat=2 -Wformat-nonliteral -Wuninitialized -Wformat-security -Wformat-y2k -Winit-self -Wmissing-declarations -Wmissing-include-dirs -Wredundant-decls -Wstrict-overflow=5 -Wundef -Wno-unused -Wlogical-op -DCHECK_FUNCTION_EXISTS=pthread_create    CMakeFiles/cmTC_86b1a.dir/CheckFunctionExists.c.o  -o cmTC_86b1a  -lpthreads 
/usr/bin/ld: cannot find -lpthreads
collect2: error: ld returned 1 exit status
make[2]: *** [CMakeFiles/cmTC_86b1a.dir/build.make:87: cmTC_86b1a] Error 1
make[2]: Leaving directory '/workspaces/CS451-2023-project/template_cpp/CMakeFiles/CMakeTmp'
make[1]: *** [Makefile:121: cmTC_86b1a/fast] Error 2
make[1]: Leaving directory '/workspaces/CS451-2023-project/template_cpp/CMakeFiles/CMakeTmp'



Performing C SOURCE FILE Test CMAKE_HAVE_LIBC_PTHREAD failed with the following output:
Change Dir: /workspaces/CS451-2023-project/template_cpp/CMakeFiles/CMakeTmp

Run Build Command(s):/usr/bin/make cmTC_8b5cb/fast && make[1]: Entering directory '/workspaces/CS451-2023-project/template_cpp/CMakeFiles/CMakeTmp'
/usr/bin/make -f CMakeFiles/cmTC_8b5cb.dir/build.make CMakeFiles/cmTC_8b5cb.dir/build
make[2]: Entering directory '/workspaces/CS451-2023-project/template_cpp/CMakeFiles/CMakeTmp'
Building C object CMakeFiles/cmTC_8b5cb.dir/src.c.o
/usr/bin/cc   -Werror -Wall -Wconversion -Wfloat-equal -Wpedantic -Wpointer-arith -Wswitch-default -Wpacked -Wextra -Winvalid-pch -Wmissing-field-initializers -Wunreachable-code -Wcast-align -Wcast-qual -Wdisabled-optimization -Wformat=2 -Wformat-nonliteral -Wuninitialized -Wformat-security -Wformat-y2k -Winit-self -Wmissing-declarations -Wmissing-include-dirs -Wredundant-decls -Wstrict-overflow=5 -Wundef -Wno-unused -Wlogical-op -DCMAKE_HAVE_LIBC_PTHREAD   -std=c11 -o CMakeFiles/cmTC_8b5cb.dir/src.c.o   -c /workspaces/CS451-2023-project/template_cpp/CMakeFiles/CMakeTmp/src.c
/workspaces/CS451-2023-project/template_cpp/CMakeFiles/CMakeTmp/src.c:3:7: error: no previous declaration for ‘test_func’ [-Werror=missing-declarations]
    3 | void* test_func(void* data)
      |       ^~~~~~~~~
cc1: all warnings being treated as errors
make[2]: *** [CMakeFiles/cmTC_8b5cb.dir/build.make:66: CMakeFiles/cmTC_8b5cb.dir/src.c.o] Error 1
make[2]: Leaving directory '/workspaces/CS451-2023-project/template_cpp/CMakeFiles/CMakeTmp'
make[1]: *** [Makefile:121: cmTC_8b5cb/fast] Error 2
make[1]: Leaving directory '/workspaces/CS451-2023-project/template_cpp/CMakeFiles/CMakeTmp'


Source file was:
#include <pthread.h>

void* test_func(void* data)
{
  return data;
}

int main(void)
{
  pthread_t thread;
  pthread_create(&thread, NULL, test_func, NULL);
  pthread_detach(thread);
  pthread_join(thread, NULL);
  pthread_atfork(NULL, NULL, NULL);
  pthread_exit(NULL);

  return 0;
}

Determining if the function pthread_create exists in the pthreads failed with the following output:
Change Dir: /workspaces/CS451-2023-project/template_cpp/CMakeFiles/CMakeTmp

Run Build Command(s):/usr/bin/make cmTC_e17ef/fast && make[1]: Entering directory '/workspaces/CS451-2023-project/template_cpp/CMakeFiles/CMakeTmp'
/usr/bin/make -f CMakeFiles/cmTC_e17ef.dir/build.make CMakeFiles/cmTC_e17ef.dir/build
make[2]: Entering directory '/workspaces/CS451-2023-project/template_cpp/CMakeFiles/CMakeTmp'
Building C object CMakeFiles/cmTC_e17ef.dir/CheckFunctionExists.c.o
/usr/bin/cc   -Werror -Wall -Wconversion -Wfloat-equal -Wpedantic -Wpointer-arith -Wswitch-default -Wpacked -Wextra -Winvalid-pch -Wmissing-field-initializers -Wunreachable-code -Wcast-align -Wcast-qual -Wdisabled-optimization -Wformat=2 -Wformat-nonliteral -Wuninitialized -Wformat-security -Wformat-y2k -Winit-self -Wmissing-declarations -Wmissing-include-dirs -Wredundant-decls -Wstrict-overflow=5 -Wundef -Wno-unused -Wlogical-op -DCHECK_FUNCTION_EXISTS=pthread_create   -std=c11 -o CMakeFiles/cmTC_e17ef.dir/CheckFunctionExists.c.o   -c /usr/share/cmake-3.16/Modules/CheckFunctionExists.c
Linking C executable cmTC_e17ef
/usr/bin/cmake -E cmake_link_script CMakeFiles/cmTC_e17ef.dir/link.txt --verbose=1
/usr/bin/cc -Werror -Wall -Wconversion -Wfloat-equal -Wpedantic -Wpointer-arith -Wswitch-default -Wpacked -Wextra -Winvalid-pch -Wmissing-field-initializers -Wunreachable-code -Wcast-align -Wcast-qual -Wdisabled-optimization -Wformat=2 -Wformat-nonliteral -Wuninitialized -Wformat-security -Wformat-y2k -Winit-self -Wmissing-declarations -Wmissing-include-dirs -Wredundant-decls -Wstrict-overflow=5 -Wundef -Wno-unused -Wlogical-op -DCHECK_FUNCTION_EXISTS=pthread_create    CMakeFiles/cmTC_e17ef.dir/CheckFunctionExists.c.o  -o cmTC_e17ef  -lpthreads 
/usr/bin/ld: cannot find -lpthreads
collect2: error: ld returned 1 exit status
make[2]: *** [CMakeFiles/cmTC_e17ef.dir/build.make:87: cmTC_e17ef] Error 1
make[2]: Leaving directory '/workspaces/CS451-2023-project/template_cpp/CMakeFiles/CMakeTmp'
make[1]: *** [Makefile:121: cmTC_e17ef/fast] Error 2
make[1]: Leaving directory '/workspaces/CS451-2023-project/template_cpp/CMakeFiles/CMakeTmp'



